<?xml version="1.0" encoding="UTF-8"?>
<!-- Generated by org.testng.reporters.JUnitReportReporter -->
<testsuite hostname="DESKTOP-D4SHPE1" name="com.srd.stepdefinition.login_page_test_cases" tests="3" failures="0" timestamp="25 Mar 2021 07:05:46 GMT" time="323.805" errors="0">
  <testcase name="login_with_incorrect_password" time="121.167" classname="com.srd.stepdefinition.login_page_test_cases"/>
  <testcase name="Forget_password" time="85.217" classname="com.srd.stepdefinition.login_page_test_cases"/>
  <testcase name="login_with_correct__username_password" time="117.421" classname="com.srd.stepdefinition.login_page_test_cases"/>
</testsuite> <!-- com.srd.stepdefinition.login_page_test_cases -->
